{"E:\\Henry\\proyectos\\codigo_con_juan_2024\\fullstack_node_react_typescript\\server\\src\\server.ts": {"path":"E:\\Henry\\proyectos\\codigo_con_juan_2024\\fullstack_node_react_typescript\\server\\src\\server.ts","statementMap":{"0":{"start":{"line":9,"column":0},"end":{"line":9,"column":7}},"1":{"start":{"line":1,"column":0},"end":{"line":1,"column":30}},"2":{"start":{"line":2,"column":0},"end":{"line":2,"column":28}},"3":{"start":{"line":3,"column":0},"end":{"line":3,"column":43}},"4":{"start":{"line":4,"column":0},"end":{"line":4,"column":65}},"5":{"start":{"line":5,"column":0},"end":{"line":5,"column":51}},"6":{"start":{"line":6,"column":0},"end":{"line":6,"column":29}},"7":{"start":{"line":10,"column":2},"end":{"line":18,"column":3}},"8":{"start":{"line":11,"column":4},"end":{"line":11,"column":28}},"9":{"start":{"line":12,"column":4},"end":{"line":12,"column":14}},"10":{"start":{"line":13,"column":4},"end":{"line":15,"column":6}},"11":{"start":{"line":17,"column":4},"end":{"line":17,"column":80}},"12":{"start":{"line":21,"column":0},"end":{"line":21,"column":20}},"13":{"start":{"line":23,"column":36},"end":{"line":23,"column":45}},"14":{"start":{"line":24,"column":0},"end":{"line":24,"column":27}},"15":{"start":{"line":27,"column":0},"end":{"line":27,"column":43}},"16":{"start":{"line":30,"column":0},"end":{"line":32,"column":3}},"17":{"start":{"line":31,"column":2},"end":{"line":31,"column":45}},"18":{"start":{"line":35,"column":0},"end":{"line":35,"column":89}},"19":{"start":{"line":37,"column":0},"end":{"line":37,"column":22}}},"fnMap":{"0":{"name":"connectToDatabase","decl":{"start":{"line":9,"column":22},"end":{"line":9,"column":39}},"loc":{"start":{"line":9,"column":39},"end":{"line":19,"column":1}}},"1":{"name":"(anonymous_8)","decl":{"start":{"line":30,"column":19},"end":{"line":30,"column":20}},"loc":{"start":{"line":30,"column":32},"end":{"line":32,"column":1}}}},"branchMap":{},"s":{"0":2,"1":2,"2":2,"3":2,"4":2,"5":2,"6":2,"7":3,"8":3,"9":2,"10":2,"11":1,"12":2,"13":2,"14":2,"15":2,"16":2,"17":2,"18":2,"19":2},"f":{"0":3,"1":2},"b":{}}
,"E:\\Henry\\proyectos\\codigo_con_juan_2024\\fullstack_node_react_typescript\\server\\src\\config\\db.ts": {"path":"E:\\Henry\\proyectos\\codigo_con_juan_2024\\fullstack_node_react_typescript\\server\\src\\config\\db.ts","statementMap":{"0":{"start":{"line":1,"column":0},"end":{"line":1,"column":49}},"1":{"start":{"line":2,"column":0},"end":{"line":2,"column":28}},"2":{"start":{"line":4,"column":0},"end":{"line":4,"column":16}},"3":{"start":{"line":5,"column":11},"end":{"line":21,"column":null}},"4":{"start":{"line":24,"column":0},"end":{"line":24,"column":18}}},"fnMap":{},"branchMap":{},"s":{"0":1,"1":1,"2":1,"3":1,"4":1},"f":{},"b":{}}
,"E:\\Henry\\proyectos\\codigo_con_juan_2024\\fullstack_node_react_typescript\\server\\src\\config\\swagger.ts": {"path":"E:\\Henry\\proyectos\\codigo_con_juan_2024\\fullstack_node_react_typescript\\server\\src\\config\\swagger.ts","statementMap":{"0":{"start":{"line":1,"column":0},"end":{"line":1,"column":41}},"1":{"start":{"line":2,"column":0},"end":{"line":2,"column":57}},"2":{"start":{"line":3,"column":0},"end":{"line":3,"column":54}},"3":{"start":{"line":4,"column":0},"end":{"line":4,"column":59}},"4":{"start":{"line":5,"column":0},"end":{"line":5,"column":53}},"5":{"start":{"line":6,"column":0},"end":{"line":6,"column":51}},"6":{"start":{"line":7,"column":0},"end":{"line":7,"column":55}},"7":{"start":{"line":8,"column":0},"end":{"line":8,"column":57}},"8":{"start":{"line":10,"column":38},"end":{"line":45,"column":2}},"9":{"start":{"line":47,"column":20},"end":{"line":47,"column":41}},"10":{"start":{"line":49,"column":25},"end":{"line":58,"column":2}},"11":{"start":{"line":61,"column":9},"end":{"line":61,"column":25}},"12":{"start":{"line":60,"column":0},"end":{"line":60,"column":27}}},"fnMap":{},"branchMap":{},"s":{"0":2,"1":2,"2":2,"3":2,"4":2,"5":2,"6":2,"7":2,"8":2,"9":2,"10":2,"11":2,"12":2},"f":{},"b":{}}
,"E:\\Henry\\proyectos\\codigo_con_juan_2024\\fullstack_node_react_typescript\\server\\src\\controllers\\productController.ts": {"path":"E:\\Henry\\proyectos\\codigo_con_juan_2024\\fullstack_node_react_typescript\\server\\src\\controllers\\productController.ts","statementMap":{"0":{"start":{"line":2,"column":0},"end":{"line":2,"column":46}},"1":{"start":{"line":4,"column":17},"end":{"line":11,"column":1}},"2":{"start":{"line":5,"column":19},"end":{"line":7,"column":4}},"3":{"start":{"line":8,"column":2},"end":{"line":10,"column":5}},"4":{"start":{"line":94,"column":2},"end":{"line":94,"column":10}},"5":{"start":{"line":13,"column":20},"end":{"line":25,"column":1}},"6":{"start":{"line":14,"column":18},"end":{"line":16,"column":4}},"7":{"start":{"line":18,"column":2},"end":{"line":20,"column":3}},"8":{"start":{"line":19,"column":4},"end":{"line":19,"column":66}},"9":{"start":{"line":22,"column":2},"end":{"line":24,"column":5}},"10":{"start":{"line":95,"column":2},"end":{"line":95,"column":13}},"11":{"start":{"line":27,"column":22},"end":{"line":38,"column":1}},"12":{"start":{"line":28,"column":18},"end":{"line":32,"column":4}},"13":{"start":{"line":34,"column":2},"end":{"line":37,"column":5}},"14":{"start":{"line":96,"column":2},"end":{"line":96,"column":15}},"15":{"start":{"line":40,"column":22},"end":{"line":64,"column":1}},"16":{"start":{"line":41,"column":18},"end":{"line":41,"column":55}},"17":{"start":{"line":43,"column":2},"end":{"line":45,"column":3}},"18":{"start":{"line":44,"column":4},"end":{"line":44,"column":66}},"19":{"start":{"line":47,"column":24},"end":{"line":57,"column":null}},"20":{"start":{"line":60,"column":2},"end":{"line":63,"column":5}},"21":{"start":{"line":97,"column":2},"end":{"line":97,"column":15}},"22":{"start":{"line":66,"column":21},"end":{"line":80,"column":1}},"23":{"start":{"line":67,"column":18},"end":{"line":67,"column":55}},"24":{"start":{"line":69,"column":2},"end":{"line":71,"column":3}},"25":{"start":{"line":70,"column":4},"end":{"line":70,"column":66}},"26":{"start":{"line":73,"column":2},"end":{"line":73,"column":41}},"27":{"start":{"line":74,"column":2},"end":{"line":74,"column":23}},"28":{"start":{"line":76,"column":2},"end":{"line":79,"column":5}},"29":{"start":{"line":98,"column":2},"end":{"line":98,"column":14}},"30":{"start":{"line":82,"column":22},"end":{"line":91,"column":1}},"31":{"start":{"line":83,"column":18},"end":{"line":83,"column":55}},"32":{"start":{"line":85,"column":2},"end":{"line":87,"column":3}},"33":{"start":{"line":86,"column":4},"end":{"line":86,"column":66}},"34":{"start":{"line":89,"column":2},"end":{"line":89,"column":26}},"35":{"start":{"line":90,"column":2},"end":{"line":90,"column":68}},"36":{"start":{"line":99,"column":2},"end":{"line":99,"column":15}}},"fnMap":{"0":{"name":"(anonymous_1)","decl":{"start":{"line":4,"column":17},"end":{"line":4,"column":22}},"loc":{"start":{"line":4,"column":55},"end":{"line":11,"column":1}}},"1":{"name":"(anonymous_2)","decl":{"start":{"line":13,"column":20},"end":{"line":13,"column":25}},"loc":{"start":{"line":13,"column":58},"end":{"line":25,"column":1}}},"2":{"name":"(anonymous_3)","decl":{"start":{"line":27,"column":22},"end":{"line":27,"column":27}},"loc":{"start":{"line":27,"column":60},"end":{"line":38,"column":1}}},"3":{"name":"(anonymous_4)","decl":{"start":{"line":40,"column":22},"end":{"line":40,"column":27}},"loc":{"start":{"line":40,"column":60},"end":{"line":64,"column":1}}},"4":{"name":"(anonymous_5)","decl":{"start":{"line":66,"column":21},"end":{"line":66,"column":26}},"loc":{"start":{"line":66,"column":59},"end":{"line":80,"column":1}}},"5":{"name":"(anonymous_6)","decl":{"start":{"line":82,"column":22},"end":{"line":82,"column":27}},"loc":{"start":{"line":82,"column":60},"end":{"line":91,"column":1}}}},"branchMap":{"0":{"loc":{"start":{"line":18,"column":2},"end":{"line":20,"column":3}},"type":"if","locations":[{"start":{"line":18,"column":2},"end":{"line":20,"column":3}}]},"1":{"loc":{"start":{"line":43,"column":2},"end":{"line":45,"column":3}},"type":"if","locations":[{"start":{"line":43,"column":2},"end":{"line":45,"column":3}}]},"2":{"loc":{"start":{"line":69,"column":2},"end":{"line":71,"column":3}},"type":"if","locations":[{"start":{"line":69,"column":2},"end":{"line":71,"column":3}}]},"3":{"loc":{"start":{"line":85,"column":2},"end":{"line":87,"column":3}},"type":"if","locations":[{"start":{"line":85,"column":2},"end":{"line":87,"column":3}}]}},"s":{"0":2,"1":2,"2":2,"3":2,"4":2,"5":2,"6":2,"7":2,"8":1,"9":1,"10":2,"11":2,"12":1,"13":1,"14":2,"15":2,"16":2,"17":2,"18":1,"19":1,"20":1,"21":2,"22":2,"23":2,"24":2,"25":1,"26":1,"27":1,"28":1,"29":2,"30":2,"31":2,"32":2,"33":1,"34":1,"35":1,"36":2},"f":{"0":2,"1":2,"2":1,"3":2,"4":2,"5":2},"b":{"0":[1],"1":[1],"2":[1],"3":[1]}}
,"E:\\Henry\\proyectos\\codigo_con_juan_2024\\fullstack_node_react_typescript\\server\\src\\middlewares\\index.ts": {"path":"E:\\Henry\\proyectos\\codigo_con_juan_2024\\fullstack_node_react_typescript\\server\\src\\middlewares\\index.ts","statementMap":{"0":{"start":{"line":1,"column":0},"end":{"line":1,"column":66}},"1":{"start":{"line":4,"column":33},"end":{"line":27,"column":1}},"2":{"start":{"line":10,"column":2},"end":{"line":10,"column":73}},"3":{"start":{"line":11,"column":2},"end":{"line":17,"column":14}},"4":{"start":{"line":15,"column":23},"end":{"line":15,"column":32}},"5":{"start":{"line":20,"column":17},"end":{"line":20,"column":38}},"6":{"start":{"line":21,"column":2},"end":{"line":23,"column":3}},"7":{"start":{"line":22,"column":4},"end":{"line":22,"column":60}},"8":{"start":{"line":26,"column":2},"end":{"line":26,"column":9}},"9":{"start":{"line":4,"column":13},"end":{"line":4,"column":33}},"10":{"start":{"line":29,"column":33},"end":{"line":46,"column":1}},"11":{"start":{"line":34,"column":2},"end":{"line":38,"column":14}},"12":{"start":{"line":40,"column":17},"end":{"line":40,"column":38}},"13":{"start":{"line":41,"column":2},"end":{"line":43,"column":3}},"14":{"start":{"line":42,"column":4},"end":{"line":42,"column":60}},"15":{"start":{"line":45,"column":2},"end":{"line":45,"column":9}},"16":{"start":{"line":29,"column":13},"end":{"line":29,"column":33}}},"fnMap":{"0":{"name":"(anonymous_0)","decl":{"start":{"line":4,"column":33},"end":{"line":4,"column":38}},"loc":{"start":{"line":8,"column":4},"end":{"line":27,"column":1}}},"1":{"name":"(anonymous_1)","decl":{"start":{"line":15,"column":12},"end":{"line":15,"column":13}},"loc":{"start":{"line":15,"column":23},"end":{"line":15,"column":32}}},"2":{"name":"(anonymous_2)","decl":{"start":{"line":29,"column":33},"end":{"line":29,"column":38}},"loc":{"start":{"line":33,"column":4},"end":{"line":46,"column":1}}}},"branchMap":{"0":{"loc":{"start":{"line":21,"column":2},"end":{"line":23,"column":3}},"type":"if","locations":[{"start":{"line":21,"column":2},"end":{"line":23,"column":3}}]},"1":{"loc":{"start":{"line":41,"column":2},"end":{"line":43,"column":3}},"type":"if","locations":[{"start":{"line":41,"column":2},"end":{"line":43,"column":3}}]}},"s":{"0":2,"1":2,"2":8,"3":8,"4":8,"5":8,"6":8,"7":5,"8":3,"9":2,"10":2,"11":13,"12":13,"13":13,"14":4,"15":9,"16":2},"f":{"0":8,"1":8,"2":13},"b":{"0":[5],"1":[4]}}
,"E:\\Henry\\proyectos\\codigo_con_juan_2024\\fullstack_node_react_typescript\\server\\src\\models\\Product.model.ts": {"path":"E:\\Henry\\proyectos\\codigo_con_juan_2024\\fullstack_node_react_typescript\\server\\src\\models\\Product.model.ts","statementMap":{"0":{"start":{"line":1,"column":0},"end":{"line":1,"column":70}},"1":{"start":{"line":7,"column":0},"end":{"line":26,"column":null}},"2":{"start":{"line":12,"column":10},"end":{"line":12,"column":null}},"3":{"start":{"line":18,"column":10},"end":{"line":18,"column":null}},"4":{"start":{"line":25,"column":10},"end":{"line":25,"column":null}},"5":{"start":{"line":7,"column":6},"end":{"line":26,"column":null}},"6":{"start":{"line":28,"column":0},"end":{"line":28,"column":23}}},"fnMap":{},"branchMap":{},"s":{"0":2,"1":2,"2":2,"3":2,"4":2,"5":2,"6":2},"f":{},"b":{}}
,"E:\\Henry\\proyectos\\codigo_con_juan_2024\\fullstack_node_react_typescript\\server\\src\\routes\\productRoutes.ts": {"path":"E:\\Henry\\proyectos\\codigo_con_juan_2024\\fullstack_node_react_typescript\\server\\src\\routes\\productRoutes.ts","statementMap":{"0":{"start":{"line":1,"column":0},"end":{"line":1,"column":33}},"1":{"start":{"line":2,"column":0},"end":{"line":2,"column":null}},"2":{"start":{"line":10,"column":0},"end":{"line":10,"column":70}},"3":{"start":{"line":12,"column":23},"end":{"line":12,"column":31}},"4":{"start":{"line":14,"column":0},"end":{"line":14,"column":26}},"5":{"start":{"line":15,"column":0},"end":{"line":15,"column":51}},"6":{"start":{"line":17,"column":0},"end":{"line":17,"column":51}},"7":{"start":{"line":19,"column":0},"end":{"line":19,"column":72}},"8":{"start":{"line":21,"column":0},"end":{"line":21,"column":54}},"9":{"start":{"line":23,"column":0},"end":{"line":23,"column":56}},"10":{"start":{"line":25,"column":0},"end":{"line":25,"column":22}}},"fnMap":{},"branchMap":{},"s":{"0":2,"1":2,"2":2,"3":2,"4":2,"5":2,"6":2,"7":2,"8":2,"9":2,"10":2},"f":{},"b":{}}
,"E:\\Henry\\proyectos\\codigo_con_juan_2024\\fullstack_node_react_typescript\\server\\src\\swagger\\deleteProduct.ts": {"path":"E:\\Henry\\proyectos\\codigo_con_juan_2024\\fullstack_node_react_typescript\\server\\src\\swagger\\deleteProduct.ts","statementMap":{"0":{"start":{"line":1,"column":13},"end":{"line":31,"column":2}}},"fnMap":{},"branchMap":{},"s":{"0":2},"f":{},"b":{}}
,"E:\\Henry\\proyectos\\codigo_con_juan_2024\\fullstack_node_react_typescript\\server\\src\\swagger\\getProductById.ts": {"path":"E:\\Henry\\proyectos\\codigo_con_juan_2024\\fullstack_node_react_typescript\\server\\src\\swagger\\getProductById.ts","statementMap":{"0":{"start":{"line":1,"column":13},"end":{"line":38,"column":2}}},"fnMap":{},"branchMap":{},"s":{"0":2},"f":{},"b":{}}
,"E:\\Henry\\proyectos\\codigo_con_juan_2024\\fullstack_node_react_typescript\\server\\src\\swagger\\patchProduct.ts": {"path":"E:\\Henry\\proyectos\\codigo_con_juan_2024\\fullstack_node_react_typescript\\server\\src\\swagger\\patchProduct.ts","statementMap":{"0":{"start":{"line":1,"column":13},"end":{"line":38,"column":2}}},"fnMap":{},"branchMap":{},"s":{"0":2},"f":{},"b":{}}
,"E:\\Henry\\proyectos\\codigo_con_juan_2024\\fullstack_node_react_typescript\\server\\src\\swagger\\postProduct.ts": {"path":"E:\\Henry\\proyectos\\codigo_con_juan_2024\\fullstack_node_react_typescript\\server\\src\\swagger\\postProduct.ts","statementMap":{"0":{"start":{"line":1,"column":13},"end":{"line":46,"column":2}}},"fnMap":{},"branchMap":{},"s":{"0":2},"f":{},"b":{}}
,"E:\\Henry\\proyectos\\codigo_con_juan_2024\\fullstack_node_react_typescript\\server\\src\\swagger\\productSchema.ts": {"path":"E:\\Henry\\proyectos\\codigo_con_juan_2024\\fullstack_node_react_typescript\\server\\src\\swagger\\productSchema.ts","statementMap":{"0":{"start":{"line":1,"column":13},"end":{"line":26,"column":2}}},"fnMap":{},"branchMap":{},"s":{"0":2},"f":{},"b":{}}
,"E:\\Henry\\proyectos\\codigo_con_juan_2024\\fullstack_node_react_typescript\\server\\src\\swagger\\productsApi.ts": {"path":"E:\\Henry\\proyectos\\codigo_con_juan_2024\\fullstack_node_react_typescript\\server\\src\\swagger\\productsApi.ts","statementMap":{"0":{"start":{"line":1,"column":13},"end":{"line":24,"column":2}}},"fnMap":{},"branchMap":{},"s":{"0":2},"f":{},"b":{}}
,"E:\\Henry\\proyectos\\codigo_con_juan_2024\\fullstack_node_react_typescript\\server\\src\\swagger\\putProduct.ts": {"path":"E:\\Henry\\proyectos\\codigo_con_juan_2024\\fullstack_node_react_typescript\\server\\src\\swagger\\putProduct.ts","statementMap":{"0":{"start":{"line":1,"column":13},"end":{"line":66,"column":2}}},"fnMap":{},"branchMap":{},"s":{"0":2},"f":{},"b":{}}
}
