TN:
SF:src\server.ts
FN:9,connectToDatabase
FN:30,(anonymous_8)
FNF:2
FNH:2
FNDA:3,connectToDatabase
FNDA:2,(anonymous_8)
DA:1,2
DA:2,2
DA:3,2
DA:4,2
DA:5,2
DA:6,2
DA:9,2
DA:10,3
DA:11,3
DA:12,2
DA:13,2
DA:17,1
DA:21,2
DA:23,2
DA:24,2
DA:27,2
DA:30,2
DA:31,2
DA:35,2
DA:37,2
LF:20
LH:20
BRF:0
BRH:0
end_of_record
TN:
SF:src\config\db.ts
FNF:0
FNH:0
DA:1,1
DA:2,1
DA:4,1
DA:5,1
DA:24,1
LF:5
LH:5
BRF:0
BRH:0
end_of_record
TN:
SF:src\config\swagger.ts
FNF:0
FNH:0
DA:1,2
DA:2,2
DA:3,2
DA:4,2
DA:5,2
DA:6,2
DA:7,2
DA:8,2
DA:10,2
DA:47,2
DA:49,2
DA:60,2
DA:61,2
LF:13
LH:13
BRF:0
BRH:0
end_of_record
TN:
SF:src\controllers\productController.ts
FN:4,(anonymous_1)
FN:13,(anonymous_2)
FN:27,(anonymous_3)
FN:40,(anonymous_4)
FN:66,(anonymous_5)
FN:82,(anonymous_6)
FNF:6
FNH:6
FNDA:2,(anonymous_1)
FNDA:2,(anonymous_2)
FNDA:1,(anonymous_3)
FNDA:2,(anonymous_4)
FNDA:2,(anonymous_5)
FNDA:2,(anonymous_6)
DA:2,2
DA:4,2
DA:5,2
DA:8,2
DA:13,2
DA:14,2
DA:18,2
DA:19,1
DA:22,1
DA:27,2
DA:28,1
DA:34,1
DA:40,2
DA:41,2
DA:43,2
DA:44,1
DA:47,1
DA:60,1
DA:66,2
DA:67,2
DA:69,2
DA:70,1
DA:73,1
DA:74,1
DA:76,1
DA:82,2
DA:83,2
DA:85,2
DA:86,1
DA:89,1
DA:90,1
DA:94,2
DA:95,2
DA:96,2
DA:97,2
DA:98,2
DA:99,2
LF:37
LH:37
BRDA:18,0,0,1
BRDA:43,1,0,1
BRDA:69,2,0,1
BRDA:85,3,0,1
BRF:4
BRH:4
end_of_record
TN:
SF:src\middlewares\index.ts
FN:4,(anonymous_0)
FN:15,(anonymous_1)
FN:29,(anonymous_2)
FNF:3
FNH:3
FNDA:8,(anonymous_0)
FNDA:8,(anonymous_1)
FNDA:13,(anonymous_2)
DA:1,2
DA:4,2
DA:10,8
DA:11,8
DA:15,8
DA:20,8
DA:21,8
DA:22,5
DA:26,3
DA:29,2
DA:34,13
DA:40,13
DA:41,13
DA:42,4
DA:45,9
LF:15
LH:15
BRDA:21,0,0,5
BRDA:41,1,0,4
BRF:2
BRH:2
end_of_record
TN:
SF:src\models\Product.model.ts
FNF:0
FNH:0
DA:1,2
DA:7,2
DA:12,2
DA:18,2
DA:25,2
DA:28,2
LF:6
LH:6
BRF:0
BRH:0
end_of_record
TN:
SF:src\routes\productRoutes.ts
FNF:0
FNH:0
DA:1,2
DA:2,2
DA:10,2
DA:12,2
DA:14,2
DA:15,2
DA:17,2
DA:19,2
DA:21,2
DA:23,2
DA:25,2
LF:11
LH:11
BRF:0
BRH:0
end_of_record
TN:
SF:src\swagger\deleteProduct.ts
FNF:0
FNH:0
DA:1,2
LF:1
LH:1
BRF:0
BRH:0
end_of_record
TN:
SF:src\swagger\getProductById.ts
FNF:0
FNH:0
DA:1,2
LF:1
LH:1
BRF:0
BRH:0
end_of_record
TN:
SF:src\swagger\patchProduct.ts
FNF:0
FNH:0
DA:1,2
LF:1
LH:1
BRF:0
BRH:0
end_of_record
TN:
SF:src\swagger\postProduct.ts
FNF:0
FNH:0
DA:1,2
LF:1
LH:1
BRF:0
BRH:0
end_of_record
TN:
SF:src\swagger\productSchema.ts
FNF:0
FNH:0
DA:1,2
LF:1
LH:1
BRF:0
BRH:0
end_of_record
TN:
SF:src\swagger\productsApi.ts
FNF:0
FNH:0
DA:1,2
LF:1
LH:1
BRF:0
BRH:0
end_of_record
TN:
SF:src\swagger\putProduct.ts
FNF:0
FNH:0
DA:1,2
LF:1
LH:1
BRF:0
BRH:0
end_of_record
